<?xml version="1.0" encoding="UTF-8"?>
<testsuite xmlns:xsi="http://www.w3.org/2001/XMLSchema-instance" xsi:noNamespaceSchemaLocation="https://maven.apache.org/surefire/maven-surefire-plugin/xsd/surefire-test-report.xsd" name="TestSuite" time="8.204" tests="2" errors="0" skipped="1" failures="1">
  <properties>
[...]
</properties>
  <testcase name="setUp" classname="tests.LoginTest" time="4.817">
    <failure message="Could not start a new session. Possible causes are invalid address of the remote server or browser start-up failure.&#10;Build info: version: &apos;2.46.0&apos;, revision: &apos;61506a4624b13675f24581e453592342b7485d71&apos;, time: &apos;2015-06-04 10:22:50&apos;&#10;System info: host: &apos;GSG1PM-FT0384&apos;, ip: &apos;10.10.23.99&apos;, os.name: &apos;Windows 7&apos;, os.arch: &apos;amd64&apos;, os.version: &apos;6.1&apos;, java.version: &apos;1.8.0_162&apos;&#10;Driver info: driver.version: AndroidDriver" type="org.openqa.selenium.remote.UnreachableBrowserException">org.openqa.selenium.remote.UnreachableBrowserException: 
Could not start a new session. Possible causes are invalid address of the remote server or browser start-up failure.
Build info: version: '2.46.0', revision: '61506a4624b13675f24581e453592342b7485d71', time: '2015-06-04 10:22:50'
System info: host: 'GSG1PM-FT0384', ip: '10.10.23.99', os.name: 'Windows 7', os.arch: 'amd64', os.version: '6.1', java.version: '1.8.0_162'
Driver info: driver.version: AndroidDriver
Caused by: org.apache.http.conn.HttpHostConnectException: Connect to 0.0.0.0:4723 [/0.0.0.0] failed: Connection refused: connect
Caused by: java.net.ConnectException: Connection refused: connect
</failure>
    <system-out><![CDATA[file path: C:\Users\ab.chauhan\Documents\EclipseProjects\Automation\config.properties
Inside application handling constructor
C:\Users\ab.chauhan\Documents\EclipseProjects\Automation\FrameworkReports\06_May_2019
file path: C:\Users\ab.chauhan\Documents\EclipseProjects\Automation\config.properties
Inside application handling constructor
C:\Users\ab.chauhan\Documents\EclipseProjects\Automation\FrameworkReports\06_May_2019
Driver:null
URL:http://0.0.0.0:4723/wd/hub
cap: Capabilities [{appPackage="com.ionicframework.aceappclient150562", appActivity="com.ionicframework.aceappclient150562.MainActivity", noReset=true, automationName=uiautomator2, unicodeKeyboard=true, platformName=Android, deviceName=Redmi, version=7.0, resetKeyboard=true}]
]]></system-out>
  </testcase>
  <testcase name="loginDataDetails" classname="tests.LoginTest" time="0">
    <skipped/>
    <system-out><![CDATA[file path: C:\Users\ab.chauhan\Documents\EclipseProjects\Automation\config.properties
Inside Constructor
C:\Users\ab.chauhan\Downloads\SanityTestCases.xlsx
located Excel at C:\Users\ab.chauhan\Downloads\SanityTestCases.xlsx
Sheet 1
located s heet : Sheet 1
File Located at :C:\Users\ab.chauhan\Downloads\SanityTestCases.xlsx
Fileinputstream Executed: 14762
file path: C:\Users\ab.chauhan\Documents\EclipseProjects\Automation\config.properties
Inside excel handler
Workbook
excelhandler1
excelhandler finished  1
Excelutilities.ExcelHandler@1e861a1e
Sheet 1
selected sheet name  Sheet 1
row count is : 30
]]></system-out>
  </testcase>
</testsuite>