<?xml version="1.0" encoding="UTF-8"?>
<testng-results skipped="0" failed="0" ignored="1" total="1" passed="0">
  <reporter-output>
  </reporter-output>
  <suite name="Sanity Suite" duration-ms="89" started-at="2019-04-11T06:47:14Z" finished-at="2019-04-11T06:47:14Z">
    <groups>
    </groups>
    <test name="test_redmi" duration-ms="89" started-at="2019-04-11T06:47:14Z" finished-at="2019-04-11T06:47:14Z">
    </test> <!-- test_redmi -->
  </suite> <!-- Sanity Suite -->
</testng-results>
